<?xml version="1.0" encoding="UTF-8"?>
<!-- Generated by org.testng.reporters.JUnitReportReporter -->
<testsuite skipped="0" hostname="haribs-SB" name="com.qa.hubspot.test.HomePageTest" tests="3" failures="0" timestamp="29 May 2020 22:28:31 GMT" time="3.279" errors="0">
  <testcase name="verifyHomePageHeaderTest" time="2.699" classname="com.qa.hubspot.test.HomePageTest"/>
  <testcase name="verifyLoggedInUserTest" time="0.543" classname="com.qa.hubspot.test.HomePageTest"/>
  <testcase name="verifyHomePageTitleTest" time="0.037" classname="com.qa.hubspot.test.HomePageTest"/>
</testsuite> <!-- com.qa.hubspot.test.HomePageTest -->
