<?xml version="1.0" encoding="UTF-8"?>
<!-- Generated by org.testng.reporters.JUnitReportReporter -->
<testsuite skipped="0" hostname="haribs-SB" name="com.qa.hubspot.test.LoginPageTest" tests="3" failures="0" timestamp="13 Jun 2020 18:31:40 GMT" time="6.391" errors="0">
  <testcase name="verifySigupLinkTest" time="5.156" classname="com.qa.hubspot.test.LoginPageTest"/>
  <testcase name="verifyLoginPageTitleTest" time="0.172" classname="com.qa.hubspot.test.LoginPageTest"/>
  <testcase name="verifyLoginTest" time="1.063" classname="com.qa.hubspot.test.LoginPageTest"/>
</testsuite> <!-- com.qa.hubspot.test.LoginPageTest -->
