<?xml version="1.0" encoding="UTF-8"?>
<!-- Generated by org.testng.reporters.JUnitReportReporter -->
<testsuite skipped="0" hostname="haribs-SB" name="com.qa.hubspot.test.ContactsPageTest" tests="2" failures="0" timestamp="03 Jun 2020 00:54:22 GMT" time="5.819" errors="0">
  <testcase name="verifyContactsPageTitleTest" time="0.430" classname="com.qa.hubspot.test.ContactsPageTest"/>
  <testcase name="verifyCreateContactTest" time="5.389" classname="com.qa.hubspot.test.ContactsPageTest"/>
</testsuite> <!-- com.qa.hubspot.test.ContactsPageTest -->
