<?xml version="1.0" encoding="UTF-8"?>
<!-- Generated by org.testng.reporters.JUnitReportReporter -->
<testsuite skipped="0" hostname="haribs-SB" name="com.qa.hubspot.test.LoginPageTest" tests="3" failures="0" timestamp="29 May 2020 21:59:59 GMT" time="7.986" errors="0">
  <testcase name="verifySigupLinkTest" time="5.564" classname="com.qa.hubspot.test.LoginPageTest"/>
  <testcase name="verifyLoginPageTitleTest" time="0.867" classname="com.qa.hubspot.test.LoginPageTest"/>
  <testcase name="verifyLoginTest" time="1.555" classname="com.qa.hubspot.test.LoginPageTest"/>
</testsuite> <!-- com.qa.hubspot.test.LoginPageTest -->
